make all --print-data-base --no-builtin-variables --no-builtin-rules --question
make: *** No rule to make target 'server.o', needed by 'server'.  Stop.

# GNU Make 4.2.1
# Built for x86_64-pc-linux-gnu
# Copyright (C) 1988-2016 Free Software Foundation, Inc.
# License GPLv3+: GNU GPL version 3 or later <http://gnu.org/licenses/gpl.html>
# This is free software: you are free to change and redistribute it.
# There is NO WARRANTY, to the extent permitted by law.

# Make data base, printed on Wed Jun  1 19:08:51 2022

# Variables

# automatic
<D = $(patsubst %/,%,$(dir $<))
# automatic
?F = $(notdir $?)
# environment
WSLENV = VSCODE_WSL_EXT_LOCATION/up
# makefile (from 'Makefile', line 10)
SRC_U = tools.c ft_printf.c
# default
.SHELLFLAGS := -c
# makefile (from 'Makefile', line 1)
SERVER = server
# environment
VSCODE_LOG_NATIVE = false
# automatic
?D = $(patsubst %/,%,$(dir $?))
# automatic
@D = $(patsubst %/,%,$(dir $@))
# automatic
@F = $(notdir $@)
# makefile
CURDIR := /home/doyeon/minitalk
# makefile
SHELL = /bin/sh
# makefile (from 'Makefile', line 6)
RM = rm -f
# environment
VSCODE_NLS_CONFIG = {"locale":"en","availableLanguages":{}}
# environment
_ = /home/doyeon/.vscode-server/bin/c3511e6c69bb39013c4a4b7b9566ec1ca73fc4d5/node
# makefile (from 'Makefile', line 5)
CFLAGS = -Wall -Werror -Wextra
# makefile (from 'Makefile', line 13)
OBJ_C = $(SRC_C:.c=.o)
# makefile (from 'Makefile', line 1)
MAKEFILE_LIST :=  Makefile
# makefile (from 'Makefile', line 12)
OBJ_S = $(SRC_S:.c=.o)
# 'override' directive
GNUMAKEFLAGS := 
# environment
VSCODE_VERBOSE_LOGGING = true
# environment
P9K_SSH = 0
# environment
VSCODE_CWD = /mnt/c/Users/parkd/AppData/Local/Programs/Microsoft VS Code
# default
MAKE_HOST := x86_64-pc-linux-gnu
# environment
PATH = /home/doyeon/.vscode-server/bin/c3511e6c69bb39013c4a4b7b9566ec1ca73fc4d5/bin/remote-cli:/usr/local/sbin:/usr/local/bin:/usr/sbin:/usr/bin:/sbin:/bin:/usr/games:/usr/local/games:/usr/lib/wsl/lib:/mnt/c/Program Files (x86)/Common Files/Intel/Shared Libraries/redist/intel64/compiler:/mnt/c/WINDOWS/system32:/mnt/c/WINDOWS:/mnt/c/WINDOWS/System32/Wbem:/mnt/c/WINDOWS/System32/WindowsPowerShell/v1.0/:/mnt/c/WINDOWS/System32/OpenSSH/:/mnt/c/Program Files/Git/cmd:/mnt/c/ProgramData/chocolatey/bin:/mnt/c/MinGW/bin:/mnt/c/Ruby31-x64/bin:/mnt/c/Python38/Scripts/:/mnt/c/Python38/:/mnt/c/Users/parkd/AppData/Local/Microsoft/WindowsApps:/mnt/c/Users/parkd/AppData/Local/GitHubDesktop/bin:/mnt/c/Users/parkd/AppData/Local/Microsoft/WindowsApps:/mnt/c/MinGW/bin:/mnt/c/Users/parkd/AppData/Local/Programs/Microsoft VS Code/bin
# environment
LSCOLORS = Gxfxcxdxbxegedabagacad
# environment
VSCODE_LOG_STACK = false
# environment
VSCODE_IPC_HOOK_CLI = /tmp/vscode-ipc-a61e627e-bae7-4624-b28d-eee5fca24582.sock
# default
.FEATURES := target-specific order-only second-expansion else-if shortest-stem undefine oneshell archives jobserver output-sync check-symlink load
# makefile (from 'Makefile', line 14)
OBJ_U = $(SRC_U:.c=.o)
# environment
LS_COLORS = ow=01;36;40
# automatic
%F = $(notdir $%)
# environment
VSCODE_PIPE_LOGGING = true
# environment
PWD = /home/doyeon/minitalk
# default
.LOADED := 
# environment
WSL_INTEROP = /run/WSL/63_interop
# environment
VSCODE_AMD_ENTRYPOINT = vs/workbench/api/node/extensionHostProcess
# environment
HOME = /home/doyeon
# environment
norminette = ~/.norminette/norminette.rb
# environment
LOGNAME = doyeon
# environment
APPLICATION_INSIGHTS_NO_DIAGNOSTIC_CHANNEL = 1
# environment
ZSH = /home/doyeon/.oh-my-zsh
# environment
VSCODE_HANDLES_UNCAUGHT_ERRORS = true
# automatic
^D = $(patsubst %/,%,$(dir $^))
# environment
MAKELEVEL := 0
# default
MAKE = $(MAKE_COMMAND)
# default
MAKECMDGOALS := all
# environment
SHLVL = 0
# makefile (from 'Makefile', line 2)
CLIENT = client
# makefile (from 'Makefile', line 4)
CC = gcc
# default
MAKE_VERSION := 4.2.1
# environment
USER = doyeon
# makefile
.DEFAULT_GOAL := all
# environment
NAME = Drive
# environment
LESS = -R
# automatic
%D = $(patsubst %/,%,$(dir $%))
# environment
VSCODE_WSL_EXT_LOCATION = /mnt/c/Users/parkd/.vscode/extensions/ms-vscode-remote.remote-wsl-0.66.3
# default
MAKE_COMMAND := make
# environment
OLDPWD = /mnt/c/Users/parkd/AppData/Local/Programs/Microsoft VS Code
# default
.VARIABLES := 
# automatic
*F = $(notdir $*)
# makefile
MAKEFLAGS = pqrR
# environment
MFLAGS = -pqrR
# automatic
*D = $(patsubst %/,%,$(dir $*))
# automatic
+D = $(patsubst %/,%,$(dir $+))
# automatic
+F = $(notdir $+)
# makefile (from 'Makefile', line 9)
SRC_C = client.c
# environment
VSCODE_HANDLES_SIGPIPE = true
# makefile (from 'Makefile', line 8)
SRC_S = server.c
# default
MAKEFILES := 
# automatic
<F = $(notdir $<)
# environment
PAGER = less
# environment
LC_ALL = C
# environment
HOSTTYPE = x86_64
# automatic
^F = $(notdir $^)
# default
SUFFIXES := 
# default
.INCLUDE_DIRS = /usr/include /usr/local/include /usr/include
# default
.RECIPEPREFIX := 
# environment
LANG = C
# environment
TERM = xterm-256color
# environment
VSCODE_EXTHOST_WILL_SEND_SOCKET = true
# environment
WSL_DISTRO_NAME = Ubuntu
# variable set hash-table stats:
# Load=82/1024=8%, Rehash=0, Collisions=4/119=3%

# Pattern-specific Variable Values

# No pattern-specific variable values.

# Directories

# . (device 2064, inode 151817): 16 files, no impossibilities.

# 16 files, no impossibilities in 1 directories.

# Implicit Rules

# No implicit rules.

# Files

all: server client
#  Phony target (prerequisite of .PHONY).
#  Command line target.
#  Implicit rule search has not been done.
#  File does not exist.
#  File has not been updated.

# Not a target:
client.o:
#  Implicit rule search has not been done.
#  Modification time never checked.
#  File has not been updated.

client: client.o tools.o ft_printf.o
#  Implicit rule search has not been done.
#  Modification time never checked.
#  File has not been updated.
#  recipe to execute (from 'Makefile', line 23):
			$(CC) $(CFLAGS) $^ -o $@

.PHONY: all clean fclean re
#  Implicit rule search has not been done.
#  Modification time never checked.
#  File has not been updated.

# Not a target:
ft_printf.o:
#  Implicit rule search has not been done.
#  Modification time never checked.
#  File has not been updated.

# Not a target:
Makefile:
#  Implicit rule search has been done.
#  Last modified 2022-05-30 15:09:35.7859801
#  File has been updated.
#  Successfully updated.

# Not a target:
server.o:
#  Implicit rule search has been done.
#  File does not exist.
#  File has not been updated.

server: server.o tools.o ft_printf.o
#  Implicit rule search has not been done.
#  File does not exist.
#  File has not been updated.
#  recipe to execute (from 'Makefile', line 20):
			$(CC) $(CFLAGS) $^ -o $@

fclean: clean
#  Phony target (prerequisite of .PHONY).
#  Implicit rule search has not been done.
#  File does not exist.
#  File has not been updated.
#  recipe to execute (from 'Makefile', line 29):
	$(RM) $(SERVER) $(CLIENT)

# Not a target:
.DEFAULT:
#  Implicit rule search has not been done.
#  Modification time never checked.
#  File has not been updated.

re: fclean all
#  Phony target (prerequisite of .PHONY).
#  Implicit rule search has not been done.
#  File does not exist.
#  File has not been updated.

clean:
#  Phony target (prerequisite of .PHONY).
#  Implicit rule search has not been done.
#  File does not exist.
#  File has not been updated.
#  recipe to execute (from 'Makefile', line 26):
	$(RM) $(OBJ_S) $(OBJ_C) $(OBJ_U)

# Not a target:
tools.o:
#  Implicit rule search has not been done.
#  Modification time never checked.
#  File has not been updated.

# files hash-table stats:
 
# Load=14/1024=1%, Rehash=0, Collisions=0/42=0%
# VPATH Search Paths

# No 'vpath' search paths.

# No general ('VPATH' variable) search path.

# strcache buffers: 1 (0) / strings = 31 / storage = 246 B / avg = 7 B
# current buf: size = 8162 B / used = 246 B / count = 31 / avg = 7 B

# strcache performance: lookups = 54 / hit rate = 42%
# hash-table stats:
# Load=31/8192=0%, Rehash=0, Collisions=2/54=4%
# Finished Make data base on Wed Jun  1 19:08:51 2022

 
